<?xml version="1.0" encoding="UTF-8"?>
<!-- Generated by org.testng.reporters.JUnitXMLReporter -->
<testsuite hostname="LAPTOP-60J7QEQ1" ignored="5" name="Default test" tests="1" failures="0" timestamp="27 Sep 2022 22:34:30 GMT" time="5.187" errors="0">
  <testcase name="clickIAgreeCheckBoxTest" time="0.071" classname="TestPages.HomePageTest"/>
  <testcase name="clickPassWordFieldTest" time="0.0" classname="TestPages.HomePageTest">
    <ignored/>
  </testcase> <!-- clickPassWordFieldTest -->
  <testcase name="logoTest" time="0.0" classname="TestPages.HomePageTest">
    <ignored/>
  </testcase> <!-- logoTest -->
  <testcase name="loginButtonTest" time="0.0" classname="TestPages.HomePageTest">
    <ignored/>
  </testcase> <!-- loginButtonTest -->
  <testcase name="clickUserIdFielTest" time="0.0" classname="TestPages.HomePageTest">
    <ignored/>
  </testcase> <!-- clickUserIdFielTest -->
  <testcase name="clickUnlockButtonFieldTest" time="0.0" classname="TestPages.HomePageTest">
    <ignored/>
  </testcase> <!-- clickUnlockButtonFieldTest -->
</testsuite> <!-- Default test -->
