<?xml version="1.0" encoding="UTF-8"?>
<testng-results skipped="0" failed="0" ignored="5" total="6" passed="1">
  <reporter-output>
  </reporter-output>
  <suite name="Default suite" duration-ms="5187" started-at="2022-09-27T22:34:25Z" finished-at="2022-09-27T22:34:30Z">
    <groups>
    </groups>
    <test name="Default test" duration-ms="5187" started-at="2022-09-27T22:34:25Z" finished-at="2022-09-27T22:34:30Z">
      <class name="TestPages.HomePageTest">
        <test-method status="PASS" signature="setUp()[pri:0, instance:TestPages.HomePageTest@553f17c]" name="setUp" is-config="true" duration-ms="4462" started-at="2022-09-27T18:34:25Z" finished-at="2022-09-27T18:34:29Z">
          <reporter-output>
          </reporter-output>
        </test-method> <!-- setUp -->
        <test-method status="PASS" signature="clickIAgreeCheckBoxTest()[pri:6, instance:TestPages.HomePageTest@553f17c]" name="clickIAgreeCheckBoxTest" duration-ms="71" started-at="2022-09-27T18:34:29Z" finished-at="2022-09-27T18:34:29Z">
          <reporter-output>
          </reporter-output>
        </test-method> <!-- clickIAgreeCheckBoxTest -->
        <test-method status="PASS" signature="tearUp()[pri:0, instance:TestPages.HomePageTest@553f17c]" name="tearUp" is-config="true" duration-ms="647" started-at="2022-09-27T18:34:29Z" finished-at="2022-09-27T18:34:30Z">
          <reporter-output>
          </reporter-output>
        </test-method> <!-- tearUp -->
      </class> <!-- TestPages.HomePageTest -->
    </test> <!-- Default test -->
  </suite> <!-- Default suite -->
</testng-results>
